#
# There is insufficient memory for the Java Runtime Environment to continue.
# Native memory allocation (malloc) failed to allocate 1048576 bytes for AllocateHeap
# Possible reasons:
#   The system is out of physical RAM or swap space
#   The process is running with CompressedOops enabled, and the Java Heap may be blocking the growth of the native heap
# Possible solutions:
#   Reduce memory load on the system
#   Increase physical memory or swap space
#   Check if swap backing store is full
#   Decrease Java heap size (-Xmx/-Xms)
#   Decrease number of Java threads
#   Decrease Java thread stack sizes (-Xss)
#   Set larger code cache with -XX:ReservedCodeCacheSize=
#   JVM is running with Unscaled Compressed Oops mode in which the Java heap is
#     placed in the first 4GB address space. The Java Heap base address is the
#     maximum limit for the native heap growth. Please use -XX:HeapBaseMinAddress
#     to set the Java Heap base and to place the Java Heap above 4GB virtual address.
# This output file may be truncated or incomplete.
#
#  Out of Memory Error (./open/src/hotspot/share/memory/allocation.cpp:46), pid=15120, tid=5216
#
# JRE version:  (11.0.8+10) (build )
# Java VM: Java HotSpot(TM) 64-Bit Server VM (11.0.8+10-LTS, mixed mode, sharing, tiered, compressed oops, g1 gc, windows-amd64)
# No core dump will be written. Minidumps are not enabled by default on client versions of Windows
#

---------------  S U M M A R Y ------------

Command Line: -Dcom.sun.management.jmxremote -Dcom.sun.management.jmxremote.port=52603 -Dcom.sun.management.jmxremote.authenticate=false -Dcom.sun.management.jmxremote.ssl=false -Djava.rmi.server.hostname=localhost -Dspring.jmx.enabled=true -Dspring.application.admin.enabled=true -XX:TieredStopAtLevel=1 -Dspring.boot.project.name=netflix-user -Dfile.encoding=Cp1252 com.netflix.user.NetflixUserApplication --spring.output.ansi.enabled=always

Host: Intel(R) Core(TM) i7-2630QM CPU @ 2.00GHz, 8 cores, 7G,  Windows 10 , 64 bit Build 18362 (10.0.18362.1110)
Time: Mon Jan  4 23:21:18 2021 Hora oficial do Brasil elapsed time: 0 seconds (0d 0h 0m 0s)

---------------  T H R E A D  ---------------

Current thread (0x0000024c03026000):  JavaThread "Unknown thread" [_thread_in_vm, id=5216, stack(0x000000c089900000,0x000000c089a00000)]

Stack: [0x000000c089900000,0x000000c089a00000]
Native frames: (J=compiled Java code, j=interpreted, Vv=VM code, C=native code)
V  [jvm.dll+0x601aea]
V  [jvm.dll+0x737fef]
V  [jvm.dll+0x739675]
V  [jvm.dll+0x739cf3]
V  [jvm.dll+0x242848]
V  [jvm.dll+0xb0b44]
V  [jvm.dll+0x2d0653]
V  [jvm.dll+0x713e57]
V  [jvm.dll+0x71570f]
V  [jvm.dll+0x349c19]
V  [jvm.dll+0x6f97f0]
V  [jvm.dll+0x3b2a5f]
V  [jvm.dll+0x3b4e81]
C  [jli.dll+0x5213]
C  [ucrtbase.dll+0x210b2]
C  [KERNEL32.DLL+0x17c24]
C  [ntdll.dll+0x6d4d1]


---------------  P R O C E S S  ---------------

Threads class SMR info:
_java_thread_list=0x0000024c00eb0460, length=0, elements={
}

Java Threads: ( => current thread )

Other Threads:

[error occurred during error reporting (printing all threads), id 0xc0000005, EXCEPTION_ACCESS_VIOLATION (0xc0000005) at pc=0x00007fff96c3e94d]

VM state:not at safepoint (not fully initialized)

VM Mutex/Monitor currently owned by a thread: None


[error occurred during error reporting (printing compressed oops mode), id 0xc0000005, EXCEPTION_ACCESS_VIOLATION (0xc0000005) at pc=0x00007fff96c54d57]

GC Heap History (0 events):
No events

Deoptimization events (0 events):
No events

Classes redefined (0 events):
No events

Internal exceptions (0 events):
No events

Events (0 events):
No events


Dynamic libraries:
0x00007ff758880000 - 0x00007ff75888f000 	C:\Tools\jdk-11.0.8\bin\javaw.exe
0x00007fffe4840000 - 0x00007fffe4a30000 	C:\Windows\SYSTEM32\ntdll.dll
0x00007fffe3330000 - 0x00007fffe33e2000 	C:\Windows\System32\KERNEL32.DLL
0x00007fffe21f0000 - 0x00007fffe2495000 	C:\Windows\System32\KERNELBASE.dll
0x00007fffe24a0000 - 0x00007fffe259a000 	C:\Windows\System32\ucrtbase.dll
0x00007fffda6e0000 - 0x00007fffda6f8000 	C:\Tools\jdk-11.0.8\bin\jli.dll
0x00007fffd86c0000 - 0x00007fffd86d5000 	C:\Tools\jdk-11.0.8\bin\VCRUNTIME140.dll
0x00007fffe2a20000 - 0x00007fffe2ac3000 	C:\Windows\System32\ADVAPI32.dll
0x00007fffe3f90000 - 0x00007fffe402e000 	C:\Windows\System32\msvcrt.dll
0x00007fffe4030000 - 0x00007fffe40c7000 	C:\Windows\System32\sechost.dll
0x00007fffe28c0000 - 0x00007fffe29e0000 	C:\Windows\System32\RPCRT4.dll
0x00007fffe36f0000 - 0x00007fffe3884000 	C:\Windows\System32\USER32.dll
0x00007fffd2810000 - 0x00007fffd2a94000 	C:\Windows\WinSxS\amd64_microsoft.windows.common-controls_6595b64144ccf1df_6.0.18362.1198_none_9e820b57e45ad92f\COMCTL32.dll
0x00007fffe2890000 - 0x00007fffe28b1000 	C:\Windows\System32\win32u.dll
0x00007fffe2b50000 - 0x00007fffe2e85000 	C:\Windows\System32\combase.dll
0x00007fffe3f60000 - 0x00007fffe3f86000 	C:\Windows\System32\GDI32.dll
0x00007fffe2050000 - 0x00007fffe21e6000 	C:\Windows\System32\gdi32full.dll
0x00007fffe2770000 - 0x00007fffe27f0000 	C:\Windows\System32\bcryptPrimitives.dll
0x00007fffe27f0000 - 0x00007fffe288e000 	C:\Windows\System32\msvcp_win.dll
0x00007fffd5f30000 - 0x00007fffd5f3a000 	C:\Windows\SYSTEM32\VERSION.dll
0x00007fffe29e0000 - 0x00007fffe2a0e000 	C:\Windows\System32\IMM32.DLL
0x00007fffd0cd0000 - 0x00007fffd0d6b000 	C:\Tools\jdk-11.0.8\bin\msvcp140.dll
0x00007fff96540000 - 0x00007fff97026000 	C:\Tools\jdk-11.0.8\bin\server\jvm.dll
0x00007fffe47c0000 - 0x00007fffe47c8000 	C:\Windows\System32\PSAPI.DLL
0x00007fffd3ca0000 - 0x00007fffd3ca9000 	C:\Windows\SYSTEM32\WSOCK32.dll
0x00007fffdf5c0000 - 0x00007fffdf5e4000 	C:\Windows\SYSTEM32\WINMM.dll
0x00007fffe2ad0000 - 0x00007fffe2b3f000 	C:\Windows\System32\WS2_32.dll
0x00007fffdf590000 - 0x00007fffdf5bd000 	C:\Windows\SYSTEM32\WINMMBASE.dll
0x00007fffe2720000 - 0x00007fffe276a000 	C:\Windows\System32\cfgmgr32.dll
0x00007fffe16d0000 - 0x00007fffe16e1000 	C:\Windows\System32\kernel.appcore.dll
0x00007fffde0a0000 - 0x00007fffde0b0000 	C:\Tools\jdk-11.0.8\bin\verify.dll
0x00007fffd2c50000 - 0x00007fffd2e44000 	C:\Windows\SYSTEM32\DBGHELP.DLL
0x00007fffd2110000 - 0x00007fffd213a000 	C:\Windows\SYSTEM32\dbgcore.DLL
0x00007fffde070000 - 0x00007fffde098000 	C:\Tools\jdk-11.0.8\bin\java.dll
0x00007fffde060000 - 0x00007fffde06a000 	C:\Tools\jdk-11.0.8\bin\jimage.dll
0x00007fffd8860000 - 0x00007fffd8876000 	C:\Tools\jdk-11.0.8\bin\zip.dll

dbghelp: loaded successfully - version: 4.0.5 - missing functions: none
symbol engine: initialized successfully - sym options: 0x614 - pdb path: .;C:\Tools\jdk-11.0.8\bin;C:\Windows\SYSTEM32;C:\Windows\WinSxS\amd64_microsoft.windows.common-controls_6595b64144ccf1df_6.0.18362.1198_none_9e820b57e45ad92f;C:\Tools\jdk-11.0.8\bin\server

VM Arguments:
jvm_args: -Dcom.sun.management.jmxremote -Dcom.sun.management.jmxremote.port=52603 -Dcom.sun.management.jmxremote.authenticate=false -Dcom.sun.management.jmxremote.ssl=false -Djava.rmi.server.hostname=localhost -Dspring.jmx.enabled=true -Dspring.application.admin.enabled=true -XX:TieredStopAtLevel=1 -Dspring.boot.project.name=netflix-user -Dfile.encoding=Cp1252 
java_command: com.netflix.user.NetflixUserApplication --spring.output.ansi.enabled=always
java_class_path (initial): D:\Users\Siron\Documents\develop\workspace-sts\fiap-76aoj-netflix\netflix-user\target\classes;C:\Users\Siron\.m2\repository\org\springframework\boot\spring-boot-starter-data-jpa\2.3.7.RELEASE\spring-boot-starter-data-jpa-2.3.7.RELEASE.jar;C:\Users\Siron\.m2\repository\org\springframework\boot\spring-boot-starter-aop\2.3.7.RELEASE\spring-boot-starter-aop-2.3.7.RELEASE.jar;C:\Users\Siron\.m2\repository\org\springframework\spring-aop\5.2.12.RELEASE\spring-aop-5.2.12.RELEASE.jar;C:\Users\Siron\.m2\repository\org\aspectj\aspectjweaver\1.9.6\aspectjweaver-1.9.6.jar;C:\Users\Siron\.m2\repository\org\springframework\boot\spring-boot-starter-jdbc\2.3.7.RELEASE\spring-boot-starter-jdbc-2.3.7.RELEASE.jar;C:\Users\Siron\.m2\repository\com\zaxxer\HikariCP\3.4.5\HikariCP-3.4.5.jar;C:\Users\Siron\.m2\repository\org\springframework\spring-jdbc\5.2.12.RELEASE\spring-jdbc-5.2.12.RELEASE.jar;C:\Users\Siron\.m2\repository\jakarta\transaction\jakarta.transaction-api\1.3.3\jakarta.transaction-api-1.3.3.jar;C:\Users\Siron\.m2\repository\jakarta\persistence\jakarta.persistence-api\2.2.3\jakarta.persistence-api-2.2.3.jar;C:\Users\Siron\.m2\repository\org\hibernate\hibernate-core\5.4.25.Final\hibernate-core-5.4.25.Final.jar;C:\Users\Siron\.m2\repository\org\jboss\logging\jboss-logging\3.4.1.Final\jboss-logging-3.4.1.Final.jar;C:\Users\Siron\.m2\repository\org\javassist\javassist\3.27.0-GA\javassist-3.27.0-GA.jar;C:\Users\Siron\.m2\repository\net\bytebuddy\byte-buddy\1.10.18\byte-buddy-1.10.18.jar;C:\Users\Siron\.m2\repository\antlr\antlr\2.7.7\antlr-2.7.7.jar;C:\Users\Siron\.m2\repository\org\jboss\jandex\2.1.3.Final\jandex-2.1.3.Final.jar;C:\Users\Siron\.m2\repository\com\fasterxml\classmate\1.5.1\classmate-1.5.1.jar;C:\Users\Siron\.m2\repository\org\dom4j\dom4j\2.1.3\dom4j-2.1.3.jar;C:\Users\Siron\.m2\repository\org\hibernate\common\hibernate-commons-annotations\5.1.2.Final\hibernate-commons-annotations-5.1.2.Final.jar;C:\Users\Siron\.m2\repository\org\glassfis
Launcher Type: SUN_STANDARD

[Global flags]
     intx CICompilerCount                          = 4                                         {product} {ergonomic}
     uint G1ConcRefinementThreads                  = 8                                         {product} {ergonomic}
   size_t G1HeapRegionSize                         = 1048576                                   {product} {ergonomic}
    uintx GCDrainStackTargetSize                   = 64                                        {product} {ergonomic}
   size_t InitialHeapSize                          = 134217728                                 {product} {ergonomic}
     bool ManagementServer                         = true                                      {product} {command line}
   size_t MaxHeapSize                              = 2134900736                                {product} {ergonomic}
   size_t MinHeapDeltaBytes                        = 1048576                                   {product} {ergonomic}
    uintx NonNMethodCodeHeapSize                   = 7549744                                {pd product} {ergonomic}
    uintx NonProfiledCodeHeapSize                  = 244108496                              {pd product} {ergonomic}
    uintx ProfiledCodeHeapSize                     = 0                                      {pd product} {ergonomic}
    uintx ReservedCodeCacheSize                    = 251658240                              {pd product} {ergonomic}
     bool SegmentedCodeCache                       = true                                      {product} {ergonomic}
     intx TieredStopAtLevel                        = 1                                         {product} {command line}
     bool UseCompressedClassPointers               = true                                 {lp64_product} {ergonomic}
     bool UseCompressedOops                        = true                                 {lp64_product} {ergonomic}
     bool UseG1GC                                  = true                                      {product} {ergonomic}
     bool UseLargePagesIndividualAllocation        = false                                  {pd product} {ergonomic}

Logging:
Log output configuration:
 #0: stdout all=warning uptime,level,tags
 #1: stderr all=off uptime,level,tags

Environment Variables:
JAVA_HOME=C:\Tools\jdk-11.0.8
PATH=C:/Tools/sts-4.8.1.RELEASE//plugins/org.eclipse.justj.openjdk.hotspot.jre.full.win32.x86_64_15.0.0.v20201014-1246/jre/bin/server;C:/Tools/sts-4.8.1.RELEASE//plugins/org.eclipse.justj.openjdk.hotspot.jre.full.win32.x86_64_15.0.0.v20201014-1246/jre/bin;C:\Windows\system32;C:\Windows;C:\Windows\System32\Wbem;C:\Windows\System32\WindowsPowerShell\v1.0\;C:\Windows\System32\OpenSSH\;C:\Tools\jdk-11.0.8\bin;C:\Tools\apache-maven-3.6.3\bin;C:\Tools\Redis;C:\Program Files\Git\cmd;C:\Tools\kafka\bin\windows;;C:\Program Files\Docker\Docker\resources\bin;C:\ProgramData\DockerDesktop\version-bin;C:\Users\Siron\AppData\Local\Microsoft\WindowsApps;;C:\Tools\sts-4.8.1.RELEASE;
USERNAME=Siron
OS=Windows_NT
PROCESSOR_IDENTIFIER=Intel64 Family 6 Model 42 Stepping 7, GenuineIntel



---------------  S Y S T E M  ---------------

OS: Windows 10 , 64 bit Build 18362 (10.0.18362.1110)
HyperV virtualization detected

CPU:total 8 (initial active 8) (4 cores per cpu, 2 threads per core) family 6 model 42 stepping 7, cmov, cx8, fxsr, mmx, sse, sse2, sse3, ssse3, sse4.1, sse4.2, popcnt, avx, aes, clmul, ht, tsc, tscinvbit

Memory: 4k page, system-wide physical 8139M (356M free)
TotalPageFile size 22376M (AvailPageFile size 5M)
current process WorkingSet (physical memory assigned to process): 9M, peak: 9M
current process commit charge ("private bytes"): 10M, peak: 11M

vm_info: Java HotSpot(TM) 64-Bit Server VM (11.0.8+10-LTS) for windows-amd64 JRE (11.0.8+10-LTS), built on Jun 16 2020 05:53:08 by "mach5one" with unknown MS VC++:1916

END.
